# JRE version: Java(TM) SE Runtime Environment (8.0_191-b12) (build 1.8.0_191-b12)
# Java VM: Java HotSpot(TM) Client VM (25.191-b12 mixed mode windows-x86 )
Heap:
 def new generation   total 157248K, used 157247K [0x05200000, 0x0fca0000, 0x0fca0000)
  eden space 139776K,  99% used [0x05200000, 0x0da7fff8, 0x0da80000)
  from space 17472K,  99% used [0x0da80000, 0x0eb8fdb0, 0x0eb90000)
  to   space 17472K,   0% used [0x0eb90000, 0x0eb90000, 0x0fca0000)
 tenured generation   total 349568K, used 349567K [0x0fca0000, 0x25200000, 0x25200000)
   the space 349568K,  99% used [0x0fca0000, 0x251ffff0, 0x25200000, 0x25200000)
 Metaspace       used 26030K, capacity 26691K, committed 27008K, reserved 27008K
GC Heap History (10 events):
Event: 88538.150 GC heap before
{Heap before GC invocations=939 (full 79):
 def new generation   total 157248K, used 157247K [0x05200000, 0x0fca0000, 0x0fca0000)
  eden space 139776K, 100% used [0x05200000, 0x0da80000, 0x0da80000)
  from space 17472K,  99% used [0x0da80000, 0x0eb8ffa0, 0x0eb90000)
  to   space 17472K,   0% used [0x0eb90000, 0x0eb90000, 0x0fca0000)
 tenured generation   total 349568K, used 349567K [0x0fca0000, 0x25200000, 0x25200000)
   the space 349568K,  99% used [0x0fca0000, 0x251ffff0, 0x25200000, 0x25200000)
 Metaspace       used 26030K, capacity 26691K, committed 27008K, reserved 27008K
Event: 88538.492 GC heap after
Heap after GC invocations=940 (full 80):
 def new generation   total 157248K, used 157243K [0x05200000, 0x0fca0000, 0x0fca0000)
  eden space 139776K, 100% used [0x05200000, 0x0da80000, 0x0da80000)
  from space 17472K,  99% used [0x0da80000, 0x0eb8ef28, 0x0eb90000)
  to   space 17472K,   0% used [0x0eb90000, 0x0eb90000, 0x0fca0000)
 tenured generation   total 349568K, used 349567K [0x0fca0000, 0x25200000, 0x25200000)
   the space 349568K,  99% used [0x0fca0000, 0x251ffff0, 0x25200000, 0x25200000)
 Metaspace       used 26030K, capacity 26691K, committed 27008K, reserved 27008K
}
Event: 88538.492 GC heap before
{Heap before GC invocations=940 (full 80):
 def new generation   total 157248K, used 157247K [0x05200000, 0x0fca0000, 0x0fca0000)
  eden space 139776K, 100% used [0x05200000, 0x0da80000, 0x0da80000)
  from space 17472K,  99% used [0x0da80000, 0x0eb8ff18, 0x0eb90000)
  to   space 17472K,   0% used [0x0eb90000, 0x0eb90000, 0x0fca0000)
 tenured generation   total 349568K, used 349567K [0x0fca0000, 0x25200000, 0x25200000)
   the space 349568K,  99% used [0x0fca0000, 0x251ffff0, 0x25200000, 0x25200000)
 Metaspace       used 26030K, capacity 26691K, committed 27008K, reserved 27008K
Event: 88538.838 GC heap after
Heap after GC invocations=941 (full 81):
 def new generation   total 157248K, used 157243K [0x05200000, 0x0fca0000, 0x0fca0000)
  eden space 139776K, 100% used [0x05200000, 0x0da80000, 0x0da80000)
  from space 17472K,  99% used [0x0da80000, 0x0eb8ef28, 0x0eb90000)
  to   space 17472K,   0% used [0x0eb90000, 0x0eb90000, 0x0fca0000)
 tenured generation   total 349568K, used 349567K [0x0fca0000, 0x25200000, 0x25200000)
   the space 349568K,  99% used [0x0fca0000, 0x251ffff0, 0x25200000, 0x25200000)
 Metaspace       used 26030K, capacity 26691K, committed 27008K, reserved 27008K
}
Event: 88538.838 GC heap before
{Heap before GC invocations=941 (full 81):
 def new generation   total 157248K, used 157247K [0x05200000, 0x0fca0000, 0x0fca0000)
  eden space 139776K, 100% used [0x05200000, 0x0da80000, 0x0da80000)
  from space 17472K,  99% used [0x0da80000, 0x0eb8ff18, 0x0eb90000)
  to   space 17472K,   0% used [0x0eb90000, 0x0eb90000, 0x0fca0000)
 tenured generation   total 349568K, used 349567K [0x0fca0000, 0x25200000, 0x25200000)
   the space 349568K,  99% used [0x0fca0000, 0x251ffff0, 0x25200000, 0x25200000)
 Metaspace       used 26030K, capacity 26691K, committed 27008K, reserved 27008K
Event: 88539.180 GC heap after
Heap after GC invocations=942 (full 82):
 def new generation   total 157248K, used 157243K [0x05200000, 0x0fca0000, 0x0fca0000)
  eden space 139776K, 100% used [0x05200000, 0x0da80000, 0x0da80000)
  from space 17472K,  99% used [0x0da80000, 0x0eb8ef28, 0x0eb90000)
  to   space 17472K,   0% used [0x0eb90000, 0x0eb90000, 0x0fca0000)
 tenured generation   total 349568K, used 349567K [0x0fca0000, 0x25200000, 0x25200000)
   the space 349568K,  99% used [0x0fca0000, 0x251ffff0, 0x25200000, 0x25200000)
 Metaspace       used 26030K, capacity 26691K, committed 27008K, reserved 27008K
}
Event: 88539.181 GC heap before
{Heap before GC invocations=942 (full 82):
 def new generation   total 157248K, used 157246K [0x05200000, 0x0fca0000, 0x0fca0000)
  eden space 139776K, 100% used [0x05200000, 0x0da80000, 0x0da80000)
  from space 17472K,  99% used [0x0da80000, 0x0eb8fac0, 0x0eb90000)
  to   space 17472K,   0% used [0x0eb90000, 0x0eb90000, 0x0fca0000)
 tenured generation   total 349568K, used 349567K [0x0fca0000, 0x25200000, 0x25200000)
   the space 349568K,  99% used [0x0fca0000, 0x251ffff0, 0x25200000, 0x25200000)
 Metaspace       used 26030K, capacity 26691K, committed 27008K, reserved 27008K
Event: 88539.523 GC heap after
Heap after GC invocations=943 (full 83):
 def new generation   total 157248K, used 157237K [0x05200000, 0x0fca0000, 0x0fca0000)
  eden space 139776K,  99% used [0x05200000, 0x0da7ffe8, 0x0da80000)
  from space 17472K,  99% used [0x0da80000, 0x0eb8d670, 0x0eb90000)
  to   space 17472K,   0% used [0x0eb90000, 0x0eb90000, 0x0fca0000)
 tenured generation   total 349568K, used 349567K [0x0fca0000, 0x25200000, 0x25200000)
   the space 349568K,  99% used [0x0fca0000, 0x251ffff0, 0x25200000, 0x25200000)
 Metaspace       used 26030K, capacity 26691K, committed 27008K, reserved 27008K
}
Event: 88539.523 GC heap before
{Heap before GC invocations=943 (full 83):
 def new generation   total 157248K, used 157237K [0x05200000, 0x0fca0000, 0x0fca0000)
  eden space 139776K,  99% used [0x05200000, 0x0da7ffe8, 0x0da80000)
  from space 17472K,  99% used [0x0da80000, 0x0eb8d670, 0x0eb90000)
  to   space 17472K,   0% used [0x0eb90000, 0x0eb90000, 0x0fca0000)
 tenured generation   total 349568K, used 349567K [0x0fca0000, 0x25200000, 0x25200000)
   the space 349568K,  99% used [0x0fca0000, 0x251ffff0, 0x25200000, 0x25200000)
 Metaspace       used 26030K, capacity 26691K, committed 27008K, reserved 27008K
Event: 88539.863 GC heap after
Heap after GC invocations=944 (full 84):
 def new generation   total 157248K, used 157237K [0x05200000, 0x0fca0000, 0x0fca0000)
  eden space 139776K,  99% used [0x05200000, 0x0da7ffe8, 0x0da80000)
  from space 17472K,  99% used [0x0da80000, 0x0eb8d670, 0x0eb90000)
  to   space 17472K,   0% used [0x0eb90000, 0x0eb90000, 0x0fca0000)
 tenured generation   total 349568K, used 349567K [0x0fca0000, 0x25200000, 0x25200000)
   the space 349568K,  99% used [0x0fca0000, 0x251ffff0, 0x25200000, 0x25200000)
 Metaspace       used 26030K, capacity 26691K, committed 27008K, reserved 27008K
}

